[debug] [2024-10-24T21:35:31.493Z] ----------------------------------------------------------------------
[debug] [2024-10-24T21:35:31.494Z] Command:       C:\Program Files\nodejs\node.exe C:\Program Files\nodejs\node_modules\firebase-tools\lib\bin\firebase.js emulators:start --only functions
[debug] [2024-10-24T21:35:31.495Z] CLI Version:   13.22.1
[debug] [2024-10-24T21:35:31.495Z] Platform:      win32
[debug] [2024-10-24T21:35:31.495Z] Node Version:  v18.20.4
[debug] [2024-10-24T21:35:31.495Z] Time:          Fri Oct 25 2024 00:35:31 GMT+0300 (Arabian Standard Time)
[debug] [2024-10-24T21:35:31.495Z] ----------------------------------------------------------------------
[debug] 
[debug] [2024-10-24T21:35:31.565Z] > command requires scopes: ["email","openid","https://www.googleapis.com/auth/cloudplatformprojects.readonly","https://www.googleapis.com/auth/firebase","https://www.googleapis.com/auth/cloud-platform"]
[debug] [2024-10-24T21:35:31.566Z] > authorizing via signed-in user (a.mufarrah@gmail.com)
[info] i  emulators: Starting emulators: functions {"metadata":{"emulator":{"name":"hub"},"message":"Starting emulators: functions"}}
[debug] [2024-10-24T21:35:31.573Z] [logging] Logging Emulator only supports listening on one address (127.0.0.1). Not listening on ::1
[debug] [2024-10-24T21:35:31.574Z] assigned listening specs for emulators {"user":{"hub":[{"address":"127.0.0.1","family":"IPv4","port":4400},{"address":"::1","family":"IPv6","port":4400}],"ui":[{"address":"127.0.0.1","family":"IPv4","port":4000},{"address":"::1","family":"IPv6","port":4000}],"logging":[{"address":"127.0.0.1","family":"IPv4","port":4500}]},"metadata":{"message":"assigned listening specs for emulators"}}
[debug] [2024-10-24T21:35:31.578Z] [hub] writing locator at C:\Users\PC\AppData\Local\Temp\hub-prune-94ad9.json
[debug] [2024-10-24T21:35:31.588Z] Checked if tokens are valid: true, expires at: 1729807435558
[debug] [2024-10-24T21:35:31.589Z] Checked if tokens are valid: true, expires at: 1729807435558
[debug] [2024-10-24T21:35:31.589Z] >>> [apiv2][query] GET https://firebase.googleapis.com/v1beta1/projects/prune-94ad9 [none]
[debug] [2024-10-24T21:35:32.052Z] <<< [apiv2][status] GET https://firebase.googleapis.com/v1beta1/projects/prune-94ad9 200
[debug] [2024-10-24T21:35:32.052Z] <<< [apiv2][body] GET https://firebase.googleapis.com/v1beta1/projects/prune-94ad9 {"projectId":"prune-94ad9","projectNumber":"964726998539","displayName":"prune","name":"projects/prune-94ad9","resources":{"hostingSite":"prune-94ad9"},"state":"ACTIVE","etag":"1_e1595469-abeb-4213-9129-0d6d1299e6af"}
[debug] [2024-10-24T21:35:32.056Z] [functions] Functions Emulator only supports listening on one address (127.0.0.1). Not listening on ::1
[debug] [2024-10-24T21:35:32.056Z] [eventarc] Eventarc Emulator only supports listening on one address (127.0.0.1). Not listening on ::1
[debug] [2024-10-24T21:35:32.056Z] [tasks] Cloud Tasks Emulator only supports listening on one address (127.0.0.1). Not listening on ::1
[debug] [2024-10-24T21:35:32.056Z] late-assigned ports for functions and eventarc emulators {"user":{"hub":[{"address":"127.0.0.1","family":"IPv4","port":4400},{"address":"::1","family":"IPv6","port":4400}],"ui":[{"address":"127.0.0.1","family":"IPv4","port":4000},{"address":"::1","family":"IPv6","port":4000}],"logging":[{"address":"127.0.0.1","family":"IPv4","port":4500}],"functions":[{"address":"127.0.0.1","family":"IPv4","port":5001}],"eventarc":[{"address":"127.0.0.1","family":"IPv4","port":9299}],"tasks":[{"address":"127.0.0.1","family":"IPv4","port":9499}]},"metadata":{"message":"late-assigned ports for functions and eventarc emulators"}}
[warn] !  functions: The following emulators are not running, calls to these services from the Functions emulator will affect production: auth, firestore, database, hosting, pubsub, storage, dataconnect {"metadata":{"emulator":{"name":"functions"},"message":"The following emulators are not running, calls to these services from the Functions emulator will affect production: \u001b[1mauth, firestore, database, hosting, pubsub, storage, dataconnect\u001b[22m"}}
[debug] [2024-10-24T21:35:32.059Z] defaultcredentials: writing to file C:\Users\PC\AppData\Roaming\firebase\a_mufarrah_gmail.com_application_default_credentials.json
[debug] [2024-10-24T21:35:32.059Z] Setting GAC to C:\Users\PC\AppData\Roaming\firebase\a_mufarrah_gmail.com_application_default_credentials.json {"metadata":{"emulator":{"name":"functions"},"message":"Setting GAC to C:\\Users\\PC\\AppData\\Roaming\\firebase\\a_mufarrah_gmail.com_application_default_credentials.json"}}
[debug] [2024-10-24T21:35:32.060Z] Checked if tokens are valid: true, expires at: 1729807435558
[debug] [2024-10-24T21:35:32.060Z] Checked if tokens are valid: true, expires at: 1729807435558
[debug] [2024-10-24T21:35:32.060Z] >>> [apiv2][query] GET https://firebase.googleapis.com/v1beta1/projects/prune-94ad9/adminSdkConfig [none]
[debug] [2024-10-24T21:35:32.511Z] <<< [apiv2][status] GET https://firebase.googleapis.com/v1beta1/projects/prune-94ad9/adminSdkConfig 200
[debug] [2024-10-24T21:35:32.511Z] <<< [apiv2][body] GET https://firebase.googleapis.com/v1beta1/projects/prune-94ad9/adminSdkConfig {"projectId":"prune-94ad9","storageBucket":"prune-94ad9.appspot.com"}
[debug] [2024-10-24T21:35:32.525Z] Ignoring unsupported arg: auto_download {"metadata":{"emulator":{"name":"ui"},"message":"Ignoring unsupported arg: auto_download"}}
[debug] [2024-10-24T21:35:32.525Z] Ignoring unsupported arg: port {"metadata":{"emulator":{"name":"ui"},"message":"Ignoring unsupported arg: port"}}
[debug] [2024-10-24T21:35:32.525Z] Starting Emulator UI with command {"binary":"node","args":["C:\\Users\\PC\\.cache\\firebase\\emulators\\ui-v1.14.0\\server\\server.mjs"],"optionalArgs":[],"joinArgs":false,"shell":false,"port":4000} {"metadata":{"emulator":{"name":"ui"},"message":"Starting Emulator UI with command {\"binary\":\"node\",\"args\":[\"C:\\\\Users\\\\PC\\\\.cache\\\\firebase\\\\emulators\\\\ui-v1.14.0\\\\server\\\\server.mjs\"],\"optionalArgs\":[],\"joinArgs\":false,\"shell\":false,\"port\":4000}"}}
[info] i  ui: Emulator UI logging to ui-debug.log {"metadata":{"emulator":{"name":"ui"},"message":"Emulator UI logging to \u001b[1mui-debug.log\u001b[22m"}}
[debug] [2024-10-24T21:35:32.624Z] Web / API server started at 127.0.0.1:4000
 {"metadata":{"emulator":{"name":"ui"},"message":"Web / API server started at 127.0.0.1:4000\n"}}
[debug] [2024-10-24T21:35:32.624Z] Web / API server started at ::1:4000
 {"metadata":{"emulator":{"name":"ui"},"message":"Web / API server started at ::1:4000\n"}}
[info] i  functions: Watching "C:\Users\PC\Desktop\webDev\builds\nolan\prune\functions" for Cloud Functions... {"metadata":{"emulator":{"name":"functions"},"message":"Watching \"C:\\Users\\PC\\Desktop\\webDev\\builds\\nolan\\prune\\functions\" for Cloud Functions..."}}
[debug] [2024-10-24T21:35:32.756Z] Validating nodejs source
[warn] !  functions: package.json indicates an outdated version of firebase-functions. Please upgrade using npm install --save firebase-functions@latest in your functions directory. 
[warn] !  functions: Please note that there will be breaking changes when you upgrade. 
[debug] [2024-10-24T21:35:33.663Z] > [functions] package.json contents: {
  "name": "functions",
  "scripts": {
    "lint": "eslint --ext .js,.ts .",
    "build": "tsc",
    "build:watch": "tsc --watch",
    "serve": "npm run build && firebase emulators:start --only functions",
    "shell": "npm run build && firebase functions:shell",
    "start": "npm run shell",
    "deploy": "firebase deploy --only functions",
    "logs": "firebase functions:log"
  },
  "engines": {
    "node": "18"
  },
  "main": "lib/index.js",
  "dependencies": {
    "@google-cloud/secret-manager": "^5.6.0",
    "axios": "^1.7.2",
    "cors": "^2.8.5",
    "firebase-admin": "^12.1.0",
    "firebase-functions": "^5.0.1",
    "rrule": "^2.8.1"
  },
  "devDependencies": {
    "@typescript-eslint/eslint-plugin": "^5.12.0",
    "@typescript-eslint/parser": "^5.12.0",
    "eslint": "^8.9.0",
    "eslint-config-google": "^0.14.0",
    "eslint-plugin-import": "^2.25.4",
    "firebase-functions-test": "^3.1.0",
    "typescript": "^4.9.0"
  },
  "private": true
}
[debug] [2024-10-24T21:35:33.663Z] Building nodejs source
[debug] [2024-10-24T21:35:33.664Z] Failed to find version of module node: reached end of search path C:\Users\PC\Desktop\webDev\builds\nolan\prune\functions\node_modules
[info] +  functions: Using node@18 from host. 
[debug] [2024-10-24T21:35:33.665Z] Could not find functions.yaml. Must use http discovery
[debug] [2024-10-24T21:35:33.669Z] Found firebase-functions binary at 'C:\Users\PC\Desktop\webDev\builds\nolan\prune\functions\node_modules\.bin\firebase-functions'
[info] Serving at port 8554

[debug] [2024-10-24T21:35:34.256Z] Got response from /__/functions.yaml {"endpoints":{"onCreateFunction":{"platform":"gcfv1","availableMemoryMb":null,"timeoutSeconds":null,"minInstances":null,"maxInstances":null,"ingressSettings":null,"serviceAccountEmail":null,"vpc":null,"eventTrigger":{"eventType":"providers/cloud.firestore/eventTypes/document.create","eventFilters":{"resource":"projects/prune-94ad9/databases/(default)/documents/signups/{signupId}"},"retry":false},"labels":{},"entryPoint":"onCreateFunction"},"createRecurringAvailabilityInstances":{"platform":"gcfv1","availableMemoryMb":null,"timeoutSeconds":null,"minInstances":null,"maxInstances":null,"ingressSettings":null,"serviceAccountEmail":null,"vpc":null,"httpsTrigger":{},"entryPoint":"createRecurringAvailabilityInstances"},"createRecurringBookingInstances":{"platform":"gcfv1","availableMemoryMb":null,"timeoutSeconds":null,"minInstances":null,"maxInstances":null,"ingressSettings":null,"serviceAccountEmail":null,"vpc":null,"httpsTrigger":{},"entryPoint":"createRecurringBookingInstances"}},"specVersion":"v1alpha1","requiredAPIs":[],"extensions":{}}
[info] +  functions: Loaded functions definitions from source: onCreateFunction, createRecurringAvailabilityInstances, createRecurringBookingInstances. {"metadata":{"emulator":{"name":"functions"},"message":"Loaded functions definitions from source: onCreateFunction, createRecurringAvailabilityInstances, createRecurringBookingInstances."}}
[info] i  functions[us-central1-onCreateFunction]: function ignored because the firestore emulator does not exist or is not running. {"metadata":{"emulator":{"name":"functions"},"message":"function ignored because the firestore emulator does not exist or is not running."}}
[info] +  functions[us-central1-createRecurringAvailabilityInstances]: http function initialized (http://127.0.0.1:5001/prune-94ad9/us-central1/createRecurringAvailabilityInstances). {"metadata":{"emulator":{"name":"functions"},"message":"\u001b[1mhttp\u001b[22m function initialized (http://127.0.0.1:5001/prune-94ad9/us-central1/createRecurringAvailabilityInstances)."}}
[info] +  functions[us-central1-createRecurringBookingInstances]: http function initialized (http://127.0.0.1:5001/prune-94ad9/us-central1/createRecurringBookingInstances). {"metadata":{"emulator":{"name":"functions"},"message":"\u001b[1mhttp\u001b[22m function initialized (http://127.0.0.1:5001/prune-94ad9/us-central1/createRecurringBookingInstances)."}}
[debug] [2024-10-24T21:35:34.280Z] Could not find VSCode notification endpoint: FetchError: request to http://localhost:40001/vscode/notify failed, reason: connect ECONNREFUSED ::1:40001. If you are not running the Firebase Data Connect VSCode extension, this is expected and not an issue.
[info] 
┌─────────────────────────────────────────────────────────────┐
│ ✔  All emulators ready! It is now safe to connect your app. │
│ i  View Emulator UI at http://127.0.0.1:4000/               │
└─────────────────────────────────────────────────────────────┘

┌───────────┬────────────────┬─────────────────────────────────┐
│ Emulator  │ Host:Port      │ View in Emulator UI             │
├───────────┼────────────────┼─────────────────────────────────┤
│ Functions │ 127.0.0.1:5001 │ http://127.0.0.1:4000/functions │
└───────────┴────────────────┴─────────────────────────────────┘
  Emulator Hub running at 127.0.0.1:4400
  Other reserved ports: 4500

Issues? Report them at https://github.com/firebase/firebase-tools/issues and attach the *-debug.log files.
 
[debug] [2024-10-24T21:35:58.951Z] [work-queue] {"queuedWork":["/prune-94ad9/us-central1/createRecurringAvailabilityInstances-2024-10-24T21:35:58.951Z"],"queueLength":1,"runningWork":[],"workRunningCount":0}
[debug] [2024-10-24T21:35:58.952Z] [work-queue] {"queuedWork":[],"queueLength":0,"runningWork":["/prune-94ad9/us-central1/createRecurringAvailabilityInstances-2024-10-24T21:35:58.951Z"],"workRunningCount":1}
[debug] [2024-10-24T21:35:58.952Z] Accepted request OPTIONS /prune-94ad9/us-central1/createRecurringAvailabilityInstances --> us-central1-createRecurringAvailabilityInstances
[debug] [2024-10-24T21:35:58.954Z] [functions] Runtime ready! Sending request! {"metadata":{"emulator":{"name":"functions"},"message":"[functions] Runtime ready! Sending request!"}}
[debug] [2024-10-24T21:35:58.954Z] [functions] Got req.url=/prune-94ad9/us-central1/createRecurringAvailabilityInstances, mapping to path=/ {"metadata":{"emulator":{"name":"functions"},"message":"[functions] Got req.url=/prune-94ad9/us-central1/createRecurringAvailabilityInstances, mapping to path=/"}}
[debug] [2024-10-24T21:35:58.961Z] [worker-pool] addWorker(us-central1-createRecurringAvailabilityInstances) {"metadata":{"emulator":{"name":"functions"},"message":"[worker-pool] addWorker(us-central1-createRecurringAvailabilityInstances)"}}
[debug] [2024-10-24T21:35:58.961Z] [worker-pool] Adding worker with key us-central1-createRecurringAvailabilityInstances, total=1 {"metadata":{"emulator":{"name":"functions"},"message":"[worker-pool] Adding worker with key us-central1-createRecurringAvailabilityInstances, total=1"}}
[debug] [2024-10-24T21:35:59.883Z] [runtime-status] [31284] Resolved module firebase-admin {"declared":true,"installed":true,"version":"12.6.0","resolution":"C:\\Users\\PC\\Desktop\\webDev\\builds\\nolan\\prune\\functions\\node_modules\\firebase-admin\\lib\\index.js"} {"metadata":{"emulator":{"name":"functions"},"function":{"name":"us-central1-createRecurringAvailabilityInstances"},"extension":{},"message":"[runtime-status] [31284] Resolved module firebase-admin {\"declared\":true,\"installed\":true,\"version\":\"12.6.0\",\"resolution\":\"C:\\\\Users\\\\PC\\\\Desktop\\\\webDev\\\\builds\\\\nolan\\\\prune\\\\functions\\\\node_modules\\\\firebase-admin\\\\lib\\\\index.js\"}"}}
[debug] [2024-10-24T21:35:59.883Z] [runtime-status] [31284] Resolved module firebase-functions {"declared":true,"installed":true,"version":"5.1.1","resolution":"C:\\Users\\PC\\Desktop\\webDev\\builds\\nolan\\prune\\functions\\node_modules\\firebase-functions\\lib\\v1\\index.js"} {"metadata":{"emulator":{"name":"functions"},"function":{"name":"us-central1-createRecurringAvailabilityInstances"},"extension":{},"message":"[runtime-status] [31284] Resolved module firebase-functions {\"declared\":true,\"installed\":true,\"version\":\"5.1.1\",\"resolution\":\"C:\\\\Users\\\\PC\\\\Desktop\\\\webDev\\\\builds\\\\nolan\\\\prune\\\\functions\\\\node_modules\\\\firebase-functions\\\\lib\\\\v1\\\\index.js\"}"}}
[debug] [2024-10-24T21:35:59.884Z] [runtime-status] [31284] Outgoing network have been stubbed. [{"name":"http","status":"mocked"},{"name":"http","status":"mocked"},{"name":"https","status":"mocked"},{"name":"https","status":"mocked"},{"name":"net","status":"mocked"}] {"metadata":{"emulator":{"name":"functions"},"function":{"name":"us-central1-createRecurringAvailabilityInstances"},"extension":{},"message":"[runtime-status] [31284] Outgoing network have been stubbed. [{\"name\":\"http\",\"status\":\"mocked\"},{\"name\":\"http\",\"status\":\"mocked\"},{\"name\":\"https\",\"status\":\"mocked\"},{\"name\":\"https\",\"status\":\"mocked\"},{\"name\":\"net\",\"status\":\"mocked\"}]"}}
[debug] [2024-10-24T21:35:59.884Z] [runtime-status] [31284] Resolved module firebase-functions {"declared":true,"installed":true,"version":"5.1.1","resolution":"C:\\Users\\PC\\Desktop\\webDev\\builds\\nolan\\prune\\functions\\node_modules\\firebase-functions\\lib\\v1\\index.js"} {"metadata":{"emulator":{"name":"functions"},"function":{"name":"us-central1-createRecurringAvailabilityInstances"},"extension":{},"message":"[runtime-status] [31284] Resolved module firebase-functions {\"declared\":true,\"installed\":true,\"version\":\"5.1.1\",\"resolution\":\"C:\\\\Users\\\\PC\\\\Desktop\\\\webDev\\\\builds\\\\nolan\\\\prune\\\\functions\\\\node_modules\\\\firebase-functions\\\\lib\\\\v1\\\\index.js\"}"}}
[debug] [2024-10-24T21:36:00.029Z] [runtime-status] [31284] Checked functions.config() {"config":{}} {"metadata":{"emulator":{"name":"functions"},"function":{"name":"us-central1-createRecurringAvailabilityInstances"},"extension":{},"message":"[runtime-status] [31284] Checked functions.config() {\"config\":{}}"}}
[debug] [2024-10-24T21:36:00.029Z] [runtime-status] [31284] firebase-functions has been stubbed. {"functionsResolution":{"declared":true,"installed":true,"version":"5.1.1","resolution":"C:\\Users\\PC\\Desktop\\webDev\\builds\\nolan\\prune\\functions\\node_modules\\firebase-functions\\lib\\v1\\index.js"}} {"metadata":{"emulator":{"name":"functions"},"function":{"name":"us-central1-createRecurringAvailabilityInstances"},"extension":{},"message":"[runtime-status] [31284] firebase-functions has been stubbed. {\"functionsResolution\":{\"declared\":true,\"installed\":true,\"version\":\"5.1.1\",\"resolution\":\"C:\\\\Users\\\\PC\\\\Desktop\\\\webDev\\\\builds\\\\nolan\\\\prune\\\\functions\\\\node_modules\\\\firebase-functions\\\\lib\\\\v1\\\\index.js\"}}"}}
[debug] [2024-10-24T21:36:00.029Z] [runtime-status] [31284] Resolved module firebase-functions {"declared":true,"installed":true,"version":"5.1.1","resolution":"C:\\Users\\PC\\Desktop\\webDev\\builds\\nolan\\prune\\functions\\node_modules\\firebase-functions\\lib\\v1\\index.js"} {"metadata":{"emulator":{"name":"functions"},"function":{"name":"us-central1-createRecurringAvailabilityInstances"},"extension":{},"message":"[runtime-status] [31284] Resolved module firebase-functions {\"declared\":true,\"installed\":true,\"version\":\"5.1.1\",\"resolution\":\"C:\\\\Users\\\\PC\\\\Desktop\\\\webDev\\\\builds\\\\nolan\\\\prune\\\\functions\\\\node_modules\\\\firebase-functions\\\\lib\\\\v1\\\\index.js\"}"}}
[debug] [2024-10-24T21:36:00.030Z] [runtime-status] [31284] Resolved module firebase-admin {"declared":true,"installed":true,"version":"12.6.0","resolution":"C:\\Users\\PC\\Desktop\\webDev\\builds\\nolan\\prune\\functions\\node_modules\\firebase-admin\\lib\\index.js"} {"metadata":{"emulator":{"name":"functions"},"function":{"name":"us-central1-createRecurringAvailabilityInstances"},"extension":{},"message":"[runtime-status] [31284] Resolved module firebase-admin {\"declared\":true,\"installed\":true,\"version\":\"12.6.0\",\"resolution\":\"C:\\\\Users\\\\PC\\\\Desktop\\\\webDev\\\\builds\\\\nolan\\\\prune\\\\functions\\\\node_modules\\\\firebase-admin\\\\lib\\\\index.js\"}"}}
[debug] [2024-10-24T21:36:00.033Z] [runtime-status] [31284] Resolved module firebase-functions {"declared":true,"installed":true,"version":"5.1.1","resolution":"C:\\Users\\PC\\Desktop\\webDev\\builds\\nolan\\prune\\functions\\node_modules\\firebase-functions\\lib\\v1\\index.js"} {"metadata":{"emulator":{"name":"functions"},"function":{"name":"us-central1-createRecurringAvailabilityInstances"},"extension":{},"message":"[runtime-status] [31284] Resolved module firebase-functions {\"declared\":true,\"installed\":true,\"version\":\"5.1.1\",\"resolution\":\"C:\\\\Users\\\\PC\\\\Desktop\\\\webDev\\\\builds\\\\nolan\\\\prune\\\\functions\\\\node_modules\\\\firebase-functions\\\\lib\\\\v1\\\\index.js\"}"}}
[debug] [2024-10-24T21:36:00.033Z] [runtime-status] [31284] firebase-admin has been stubbed. {"adminResolution":{"declared":true,"installed":true,"version":"12.6.0","resolution":"C:\\Users\\PC\\Desktop\\webDev\\builds\\nolan\\prune\\functions\\node_modules\\firebase-admin\\lib\\index.js"}} {"metadata":{"emulator":{"name":"functions"},"function":{"name":"us-central1-createRecurringAvailabilityInstances"},"extension":{},"message":"[runtime-status] [31284] firebase-admin has been stubbed. {\"adminResolution\":{\"declared\":true,\"installed\":true,\"version\":\"12.6.0\",\"resolution\":\"C:\\\\Users\\\\PC\\\\Desktop\\\\webDev\\\\builds\\\\nolan\\\\prune\\\\functions\\\\node_modules\\\\firebase-admin\\\\lib\\\\index.js\"}}"}}
[debug] [2024-10-24T21:36:00.035Z] [runtime-status] [31284] initializeApp(DEFAULT) {"storageBucket":"prune-94ad9.appspot.com","projectId":"prune-94ad9"} {"metadata":{"emulator":{"name":"functions"},"function":{"name":"us-central1-createRecurringAvailabilityInstances"},"extension":{},"message":"[runtime-status] [31284] initializeApp(DEFAULT) {\"storageBucket\":\"prune-94ad9.appspot.com\",\"projectId\":\"prune-94ad9\"}"}}
[warn] !  functions: The Cloud Firestore emulator is not running, so calls to Firestore will affect production. {"metadata":{"emulator":{"name":"functions"},"function":{"name":"us-central1-createRecurringAvailabilityInstances"},"extension":{},"message":"The Cloud Firestore emulator is not running, so calls to Firestore will affect production."}}
[debug] [2024-10-24T21:36:00.306Z] [runtime-status] [31284] Functions runtime initialized. {"cwd":"C:\\Users\\PC\\Desktop\\webDev\\builds\\nolan\\prune\\functions","node_version":"18.20.4"} {"metadata":{"emulator":{"name":"functions"},"function":{"name":"us-central1-createRecurringAvailabilityInstances"},"extension":{},"message":"[runtime-status] [31284] Functions runtime initialized. {\"cwd\":\"C:\\\\Users\\\\PC\\\\Desktop\\\\webDev\\\\builds\\\\nolan\\\\prune\\\\functions\",\"node_version\":\"18.20.4\"}"}}
[debug] [2024-10-24T21:36:00.306Z] [runtime-status] [31284] Listening to port: \\?\pipe\fire_emu_6ed91c4248bbca0e {"metadata":{"emulator":{"name":"functions"},"function":{"name":"us-central1-createRecurringAvailabilityInstances"},"extension":{},"message":"[runtime-status] [31284] Listening to port: \\\\?\\pipe\\fire_emu_6ed91c4248bbca0e"}}
[debug] [2024-10-24T21:36:00.390Z] [worker-us-central1-createRecurringAvailabilityInstances-1813e684-f88a-4f92-9e96-c89bc6b62d14]: IDLE {"metadata":{"emulator":{"name":"functions"},"function":{"name":"us-central1-createRecurringAvailabilityInstances"},"extension":{},"message":"[worker-us-central1-createRecurringAvailabilityInstances-1813e684-f88a-4f92-9e96-c89bc6b62d14]: IDLE"}}
[debug] [2024-10-24T21:36:00.391Z] [worker-pool] submitRequest(triggerId=us-central1-createRecurringAvailabilityInstances) {"metadata":{"emulator":{"name":"functions"},"message":"[worker-pool] submitRequest(triggerId=us-central1-createRecurringAvailabilityInstances)"}}
[info] i  functions: Beginning execution of "us-central1-createRecurringAvailabilityInstances" {"metadata":{"emulator":{"name":"functions"},"function":{"name":"us-central1-createRecurringAvailabilityInstances"},"extension":{},"message":"Beginning execution of \"us-central1-createRecurringAvailabilityInstances\""}}
[debug] [2024-10-24T21:36:00.391Z] [worker-us-central1-createRecurringAvailabilityInstances-1813e684-f88a-4f92-9e96-c89bc6b62d14]: BUSY {"metadata":{"emulator":{"name":"functions"},"function":{"name":"us-central1-createRecurringAvailabilityInstances"},"extension":{},"message":"[worker-us-central1-createRecurringAvailabilityInstances-1813e684-f88a-4f92-9e96-c89bc6b62d14]: BUSY"}}
[debug] [2024-10-24T21:36:00.396Z] Finishing up request with event=pause {"metadata":{"emulator":{"name":"functions"},"function":{"name":"us-central1-createRecurringAvailabilityInstances"},"extension":{},"message":"Finishing up request with event=pause"}}
[info] i  functions: Finished "us-central1-createRecurringAvailabilityInstances" in 5.1585ms {"metadata":{"emulator":{"name":"functions"},"function":{"name":"us-central1-createRecurringAvailabilityInstances"},"extension":{},"message":"Finished \"us-central1-createRecurringAvailabilityInstances\" in 5.1585ms"}}
[debug] [2024-10-24T21:36:00.397Z] [worker-us-central1-createRecurringAvailabilityInstances-1813e684-f88a-4f92-9e96-c89bc6b62d14]: IDLE {"metadata":{"emulator":{"name":"functions"},"function":{"name":"us-central1-createRecurringAvailabilityInstances"},"extension":{},"message":"[worker-us-central1-createRecurringAvailabilityInstances-1813e684-f88a-4f92-9e96-c89bc6b62d14]: IDLE"}}
[debug] [2024-10-24T21:36:00.397Z] Finishing up request with event=finish {"metadata":{"emulator":{"name":"functions"},"function":{"name":"us-central1-createRecurringAvailabilityInstances"},"extension":{},"message":"Finishing up request with event=finish"}}
[debug] [2024-10-24T21:36:00.397Z] Finishing up request with event=close {"metadata":{"emulator":{"name":"functions"},"function":{"name":"us-central1-createRecurringAvailabilityInstances"},"extension":{},"message":"Finishing up request with event=close"}}
[debug] [2024-10-24T21:36:00.397Z] [work-queue] {"queuedWork":[],"queueLength":0,"runningWork":[],"workRunningCount":0}
[debug] [2024-10-24T21:36:00.398Z] [work-queue] {"queuedWork":["/prune-94ad9/us-central1/createRecurringAvailabilityInstances-2024-10-24T21:36:00.398Z"],"queueLength":1,"runningWork":[],"workRunningCount":0}
[debug] [2024-10-24T21:36:00.398Z] [work-queue] {"queuedWork":[],"queueLength":0,"runningWork":["/prune-94ad9/us-central1/createRecurringAvailabilityInstances-2024-10-24T21:36:00.398Z"],"workRunningCount":1}
[debug] [2024-10-24T21:36:00.399Z] Accepted request POST /prune-94ad9/us-central1/createRecurringAvailabilityInstances --> us-central1-createRecurringAvailabilityInstances
[debug] [2024-10-24T21:36:00.400Z] [functions] Runtime ready! Sending request! {"metadata":{"emulator":{"name":"functions"},"message":"[functions] Runtime ready! Sending request!"}}
[debug] [2024-10-24T21:36:00.400Z] [functions] Got req.url=/prune-94ad9/us-central1/createRecurringAvailabilityInstances, mapping to path=/ {"metadata":{"emulator":{"name":"functions"},"message":"[functions] Got req.url=/prune-94ad9/us-central1/createRecurringAvailabilityInstances, mapping to path=/"}}
[debug] [2024-10-24T21:36:00.401Z] [worker-pool] submitRequest(triggerId=us-central1-createRecurringAvailabilityInstances) {"metadata":{"emulator":{"name":"functions"},"message":"[worker-pool] submitRequest(triggerId=us-central1-createRecurringAvailabilityInstances)"}}
[info] i  functions: Beginning execution of "us-central1-createRecurringAvailabilityInstances" {"metadata":{"emulator":{"name":"functions"},"function":{"name":"us-central1-createRecurringAvailabilityInstances"},"extension":{},"message":"Beginning execution of \"us-central1-createRecurringAvailabilityInstances\""}}
[debug] [2024-10-24T21:36:00.401Z] [worker-us-central1-createRecurringAvailabilityInstances-1813e684-f88a-4f92-9e96-c89bc6b62d14]: BUSY {"metadata":{"emulator":{"name":"functions"},"function":{"name":"us-central1-createRecurringAvailabilityInstances"},"extension":{},"message":"[worker-us-central1-createRecurringAvailabilityInstances-1813e684-f88a-4f92-9e96-c89bc6b62d14]: BUSY"}}
[info] >  New cloud function triggered {"user":"New cloud function triggered","metadata":{"emulator":{"name":"functions"},"function":{"name":"us-central1-createRecurringAvailabilityInstances"},"extension":{},"message":"\u001b[90m> \u001b[39m New cloud function triggered"}}
[info] >  Received request with data: { {"user":"Received request with data: {","metadata":{"emulator":{"name":"functions"},"function":{"name":"us-central1-createRecurringAvailabilityInstances"},"extension":{},"message":"\u001b[90m> \u001b[39m Received request with data: {"}}
[info] >    title: 'dfgg', {"user":"  title: 'dfgg',","metadata":{"emulator":{"name":"functions"},"function":{"name":"us-central1-createRecurringAvailabilityInstances"},"extension":{},"message":"\u001b[90m> \u001b[39m   title: 'dfgg',"}}
[info] >    description: 'fdgdgd', {"user":"  description: 'fdgdgd',","metadata":{"emulator":{"name":"functions"},"function":{"name":"us-central1-createRecurringAvailabilityInstances"},"extension":{},"message":"\u001b[90m> \u001b[39m   description: 'fdgdgd',"}}
[info] >    location: 'Kraken 3', {"user":"  location: 'Kraken 3',","metadata":{"emulator":{"name":"functions"},"function":{"name":"us-central1-createRecurringAvailabilityInstances"},"extension":{},"message":"\u001b[90m> \u001b[39m   location: 'Kraken 3',"}}
[info] >    startDate: '2024-10-27', {"user":"  startDate: '2024-10-27',","metadata":{"emulator":{"name":"functions"},"function":{"name":"us-central1-createRecurringAvailabilityInstances"},"extension":{},"message":"\u001b[90m> \u001b[39m   startDate: '2024-10-27',"}}
[info] >    startTime: '08:00', {"user":"  startTime: '08:00',","metadata":{"emulator":{"name":"functions"},"function":{"name":"us-central1-createRecurringAvailabilityInstances"},"extension":{},"message":"\u001b[90m> \u001b[39m   startTime: '08:00',"}}
[info] >    endTime: '10:30', {"user":"  endTime: '10:30',","metadata":{"emulator":{"name":"functions"},"function":{"name":"us-central1-createRecurringAvailabilityInstances"},"extension":{},"message":"\u001b[90m> \u001b[39m   endTime: '10:30',"}}
[info] >    recurrence: { {"user":"  recurrence: {","metadata":{"emulator":{"name":"functions"},"function":{"name":"us-central1-createRecurringAvailabilityInstances"},"extension":{},"message":"\u001b[90m> \u001b[39m   recurrence: {"}}
[info] >      daysOfWeek: [ 4, 5 ], {"user":"    daysOfWeek: [ 4, 5 ],","metadata":{"emulator":{"name":"functions"},"function":{"name":"us-central1-createRecurringAvailabilityInstances"},"extension":{},"message":"\u001b[90m> \u001b[39m     daysOfWeek: [ 4, 5 ],"}}
[info] >      startRecur: '2024-10-27', {"user":"    startRecur: '2024-10-27',","metadata":{"emulator":{"name":"functions"},"function":{"name":"us-central1-createRecurringAvailabilityInstances"},"extension":{},"message":"\u001b[90m> \u001b[39m     startRecur: '2024-10-27',"}}
[info] >      endRecur: '2024-11-03' {"user":"    endRecur: '2024-11-03'","metadata":{"emulator":{"name":"functions"},"function":{"name":"us-central1-createRecurringAvailabilityInstances"},"extension":{},"message":"\u001b[90m> \u001b[39m     endRecur: '2024-11-03'"}}
[info] >    }, {"user":"  },","metadata":{"emulator":{"name":"functions"},"function":{"name":"us-central1-createRecurringAvailabilityInstances"},"extension":{},"message":"\u001b[90m> \u001b[39m   },"}}
[info] >    userId: 'CmWxvHOwJ8b1aXBilFy8dG6GREB3' {"user":"  userId: 'CmWxvHOwJ8b1aXBilFy8dG6GREB3'","metadata":{"emulator":{"name":"functions"},"function":{"name":"us-central1-createRecurringAvailabilityInstances"},"extension":{},"message":"\u001b[90m> \u001b[39m   userId: 'CmWxvHOwJ8b1aXBilFy8dG6GREB3'"}}
[info] >  } {"user":"}","metadata":{"emulator":{"name":"functions"},"function":{"name":"us-central1-createRecurringAvailabilityInstances"},"extension":{},"message":"\u001b[90m> \u001b[39m }"}}
[info] >  Original start date: 2024-10-27T08:00:00.000Z {"user":"Original start date: 2024-10-27T08:00:00.000Z","metadata":{"emulator":{"name":"functions"},"function":{"name":"us-central1-createRecurringAvailabilityInstances"},"extension":{},"message":"\u001b[90m> \u001b[39m Original start date: 2024-10-27T08:00:00.000Z"}}
[info] >  Original end date: 2024-10-27T10:30:00.000Z {"user":"Original end date: 2024-10-27T10:30:00.000Z","metadata":{"emulator":{"name":"functions"},"function":{"name":"us-central1-createRecurringAvailabilityInstances"},"extension":{},"message":"\u001b[90m> \u001b[39m Original end date: 2024-10-27T10:30:00.000Z"}}
[info] >  isEveryday: false {"user":"isEveryday: false","metadata":{"emulator":{"name":"functions"},"function":{"name":"us-central1-createRecurringAvailabilityInstances"},"extension":{},"message":"\u001b[90m> \u001b[39m isEveryday: false"}}
[info] >  Recurrence end date: 2024-11-03T23:59:59.000Z {"user":"Recurrence end date: 2024-11-03T23:59:59.000Z","metadata":{"emulator":{"name":"functions"},"function":{"name":"us-central1-createRecurringAvailabilityInstances"},"extension":{},"message":"\u001b[90m> \u001b[39m Recurrence end date: 2024-11-03T23:59:59.000Z"}}
[info] >  All occurrences: [ 2024-10-31T08:00:00.000Z, 2024-11-01T08:00:00.000Z ] {"user":"All occurrences: [ 2024-10-31T08:00:00.000Z, 2024-11-01T08:00:00.000Z ]","metadata":{"emulator":{"name":"functions"},"function":{"name":"us-central1-createRecurringAvailabilityInstances"},"extension":{},"message":"\u001b[90m> \u001b[39m All occurrences: [ 2024-10-31T08:00:00.000Z, 2024-11-01T08:00:00.000Z ]"}}
[info] >  Original event created: { {"user":"Original event created: {","metadata":{"emulator":{"name":"functions"},"function":{"name":"us-central1-createRecurringAvailabilityInstances"},"extension":{},"message":"\u001b[90m> \u001b[39m Original event created: {"}}
[info] >    title: 'dfgg', {"user":"  title: 'dfgg',","metadata":{"emulator":{"name":"functions"},"function":{"name":"us-central1-createRecurringAvailabilityInstances"},"extension":{},"message":"\u001b[90m> \u001b[39m   title: 'dfgg',"}}
[info] >    description: 'fdgdgd', {"user":"  description: 'fdgdgd',","metadata":{"emulator":{"name":"functions"},"function":{"name":"us-central1-createRecurringAvailabilityInstances"},"extension":{},"message":"\u001b[90m> \u001b[39m   description: 'fdgdgd',"}}
[info] >    location: 'Kraken 3', {"user":"  location: 'Kraken 3',","metadata":{"emulator":{"name":"functions"},"function":{"name":"us-central1-createRecurringAvailabilityInstances"},"extension":{},"message":"\u001b[90m> \u001b[39m   location: 'Kraken 3',"}}
[info] >    start: 2024-10-27T08:00:00.000Z, {"user":"  start: 2024-10-27T08:00:00.000Z,","metadata":{"emulator":{"name":"functions"},"function":{"name":"us-central1-createRecurringAvailabilityInstances"},"extension":{},"message":"\u001b[90m> \u001b[39m   start: 2024-10-27T08:00:00.000Z,"}}
[info] >    end: 2024-10-27T10:30:00.000Z {"user":"  end: 2024-10-27T10:30:00.000Z","metadata":{"emulator":{"name":"functions"},"function":{"name":"us-central1-createRecurringAvailabilityInstances"},"extension":{},"message":"\u001b[90m> \u001b[39m   end: 2024-10-27T10:30:00.000Z"}}
[info] >  } {"user":"}","metadata":{"emulator":{"name":"functions"},"function":{"name":"us-central1-createRecurringAvailabilityInstances"},"extension":{},"message":"\u001b[90m> \u001b[39m }"}}
[info] >  Instance created: { {"user":"Instance created: {","metadata":{"emulator":{"name":"functions"},"function":{"name":"us-central1-createRecurringAvailabilityInstances"},"extension":{},"message":"\u001b[90m> \u001b[39m Instance created: {"}}
[info] >    title: 'dfgg', {"user":"  title: 'dfgg',","metadata":{"emulator":{"name":"functions"},"function":{"name":"us-central1-createRecurringAvailabilityInstances"},"extension":{},"message":"\u001b[90m> \u001b[39m   title: 'dfgg',"}}
[info] >    description: 'fdgdgd', {"user":"  description: 'fdgdgd',","metadata":{"emulator":{"name":"functions"},"function":{"name":"us-central1-createRecurringAvailabilityInstances"},"extension":{},"message":"\u001b[90m> \u001b[39m   description: 'fdgdgd',"}}
[info] >    location: 'Kraken 3', {"user":"  location: 'Kraken 3',","metadata":{"emulator":{"name":"functions"},"function":{"name":"us-central1-createRecurringAvailabilityInstances"},"extension":{},"message":"\u001b[90m> \u001b[39m   location: 'Kraken 3',"}}
[info] >    start: 2024-10-30T08:00:00.000Z, {"user":"  start: 2024-10-30T08:00:00.000Z,","metadata":{"emulator":{"name":"functions"},"function":{"name":"us-central1-createRecurringAvailabilityInstances"},"extension":{},"message":"\u001b[90m> \u001b[39m   start: 2024-10-30T08:00:00.000Z,"}}
[info] >    end: 2024-10-30T10:30:00.000Z {"user":"  end: 2024-10-30T10:30:00.000Z","metadata":{"emulator":{"name":"functions"},"function":{"name":"us-central1-createRecurringAvailabilityInstances"},"extension":{},"message":"\u001b[90m> \u001b[39m   end: 2024-10-30T10:30:00.000Z"}}
[info] >  } {"user":"}","metadata":{"emulator":{"name":"functions"},"function":{"name":"us-central1-createRecurringAvailabilityInstances"},"extension":{},"message":"\u001b[90m> \u001b[39m }"}}
[info] >  Instance created: { {"user":"Instance created: {","metadata":{"emulator":{"name":"functions"},"function":{"name":"us-central1-createRecurringAvailabilityInstances"},"extension":{},"message":"\u001b[90m> \u001b[39m Instance created: {"}}
[info] >    title: 'dfgg', {"user":"  title: 'dfgg',","metadata":{"emulator":{"name":"functions"},"function":{"name":"us-central1-createRecurringAvailabilityInstances"},"extension":{},"message":"\u001b[90m> \u001b[39m   title: 'dfgg',"}}
[info] >    description: 'fdgdgd', {"user":"  description: 'fdgdgd',","metadata":{"emulator":{"name":"functions"},"function":{"name":"us-central1-createRecurringAvailabilityInstances"},"extension":{},"message":"\u001b[90m> \u001b[39m   description: 'fdgdgd',"}}
[info] >    location: 'Kraken 3', {"user":"  location: 'Kraken 3',","metadata":{"emulator":{"name":"functions"},"function":{"name":"us-central1-createRecurringAvailabilityInstances"},"extension":{},"message":"\u001b[90m> \u001b[39m   location: 'Kraken 3',"}}
[info] >    start: 2024-10-31T08:00:00.000Z, {"user":"  start: 2024-10-31T08:00:00.000Z,","metadata":{"emulator":{"name":"functions"},"function":{"name":"us-central1-createRecurringAvailabilityInstances"},"extension":{},"message":"\u001b[90m> \u001b[39m   start: 2024-10-31T08:00:00.000Z,"}}
[info] >    end: 2024-10-31T10:30:00.000Z {"user":"  end: 2024-10-31T10:30:00.000Z","metadata":{"emulator":{"name":"functions"},"function":{"name":"us-central1-createRecurringAvailabilityInstances"},"extension":{},"message":"\u001b[90m> \u001b[39m   end: 2024-10-31T10:30:00.000Z"}}
[info] >  } {"user":"}","metadata":{"emulator":{"name":"functions"},"function":{"name":"us-central1-createRecurringAvailabilityInstances"},"extension":{},"message":"\u001b[90m> \u001b[39m }"}}
[warn] !  Google API requested!
   - URL: "https://oauth2.googleapis.com/token"
   - Be careful, this may be a production service. {"metadata":{"emulator":{"name":"functions"},"function":{"name":"us-central1-createRecurringAvailabilityInstances"},"extension":{},"message":"Google API requested!\n   - URL: \"https://oauth2.googleapis.com/token\"\n   - Be careful, this may be a production service."}}
[info] >  Batch committed successfully {"user":"Batch committed successfully","metadata":{"emulator":{"name":"functions"},"function":{"name":"us-central1-createRecurringAvailabilityInstances"},"extension":{},"message":"\u001b[90m> \u001b[39m Batch committed successfully"}}
[debug] [2024-10-24T21:36:02.331Z] Finishing up request with event=pause {"metadata":{"emulator":{"name":"functions"},"function":{"name":"us-central1-createRecurringAvailabilityInstances"},"extension":{},"message":"Finishing up request with event=pause"}}
[info] i  functions: Finished "us-central1-createRecurringAvailabilityInstances" in 1930.1641ms {"metadata":{"emulator":{"name":"functions"},"function":{"name":"us-central1-createRecurringAvailabilityInstances"},"extension":{},"message":"Finished \"us-central1-createRecurringAvailabilityInstances\" in 1930.1641ms"}}
[debug] [2024-10-24T21:36:02.331Z] [worker-us-central1-createRecurringAvailabilityInstances-1813e684-f88a-4f92-9e96-c89bc6b62d14]: IDLE {"metadata":{"emulator":{"name":"functions"},"function":{"name":"us-central1-createRecurringAvailabilityInstances"},"extension":{},"message":"[worker-us-central1-createRecurringAvailabilityInstances-1813e684-f88a-4f92-9e96-c89bc6b62d14]: IDLE"}}
[debug] [2024-10-24T21:36:02.331Z] Finishing up request with event=finish {"metadata":{"emulator":{"name":"functions"},"function":{"name":"us-central1-createRecurringAvailabilityInstances"},"extension":{},"message":"Finishing up request with event=finish"}}
[debug] [2024-10-24T21:36:02.331Z] Finishing up request with event=close {"metadata":{"emulator":{"name":"functions"},"function":{"name":"us-central1-createRecurringAvailabilityInstances"},"extension":{},"message":"Finishing up request with event=close"}}
[debug] [2024-10-24T21:36:02.331Z] [work-queue] {"queuedWork":[],"queueLength":0,"runningWork":[],"workRunningCount":0}
