[debug] [2024-12-10T17:27:45.031Z] ----------------------------------------------------------------------
[debug] [2024-12-10T17:27:45.032Z] Command:       C:\Program Files\nodejs\node.exe C:\Program Files\nodejs\node_modules\firebase-tools\lib\bin\firebase.js init
[debug] [2024-12-10T17:27:45.032Z] CLI Version:   13.27.0
[debug] [2024-12-10T17:27:45.033Z] Platform:      win32
[debug] [2024-12-10T17:27:45.033Z] Node Version:  v18.20.4
[debug] [2024-12-10T17:27:45.033Z] Time:          Tue Dec 10 2024 09:27:45 GMT-0800 (Pacific Standard Time)
[debug] [2024-12-10T17:27:45.033Z] ----------------------------------------------------------------------
[debug] 
[debug] [2024-12-10T17:27:45.076Z] > command requires scopes: ["email","openid","https://www.googleapis.com/auth/cloudplatformprojects.readonly","https://www.googleapis.com/auth/firebase","https://www.googleapis.com/auth/cloud-platform"]
[debug] [2024-12-10T17:27:45.076Z] > authorizing via signed-in user (a.mufarrah@gmail.com)
[info] 
     ######## #### ########  ######## ########     ###     ######  ########
     ##        ##  ##     ## ##       ##     ##  ##   ##  ##       ##
     ######    ##  ########  ######   ########  #########  ######  ######
     ##        ##  ##    ##  ##       ##     ## ##     ##       ## ##
     ##       #### ##     ## ######## ########  ##     ##  ######  ########

You're about to initialize a Firebase project in this directory:

  C:\Users\PC\Desktop\webDev\builds\nolan\prune

Before we get started, keep in mind:

  * You are initializing within an existing Firebase project directory

